

================================================================
== Vivado HLS Report for 'canny_edge_rectangle'
================================================================
* Date:           Fri May 26 21:01:36 2023

* Version:        2019.1 (Build 2552052 on Fri May 24 15:28:33 MDT 2019)
* Project:        cannyRectangle
* Solution:       solution1
* Product family: zynq
* Target device:  xc7z020-clg400-1


================================================================
== Performance Estimates
================================================================
+ Timing (ns): 
    * Summary: 
    +--------+-------+----------+------------+
    |  Clock | Target| Estimated| Uncertainty|
    +--------+-------+----------+------------+
    |ap_clk  |  11.00|    10.648|        1.38|
    +--------+-------+----------+------------+

+ Latency (clock cycles): 
    * Summary: 
    +---------+---------+---------+---------+----------+
    |      Latency      |      Interval     | Pipeline |
    |   min   |   max   |   min   |   max   |   Type   |
    +---------+---------+---------+---------+----------+
    |  2103846|  2103846|  2103842|  2103842| dataflow |
    +---------+---------+---------+---------+----------+

    + Detail: 
        * Instance: 
        N/A

        * Loop: 
        N/A

============================================================
+ Verbose Summary: Synthesis Manager
============================================================
InlineROM: 1
ExposeGlobal: 0
============================================================
+ Verbose Summary: CDFG Model
============================================================
IsTopModel: 1
ResetActiveHigh: 1
IsCombinational: 2
IsDatapathOnly: 0
HasWiredReturn: 1
HasMFsm: 0
HasVarLatency: 1
IsPipeline: 0
IsRtlPipelined: 0
IsInstanceOverlapped: 0
IsDontTouch: 0
HasImplIP: 0
IsGatedGlobalClock: 0


============================================================
+ Verbose Summary: Schedule
============================================================
* Number of FSM states : 18
* Pipeline : 0
* Dataflow Pipeline: 1
  DF-Pipeline-0: Size = 18, States = { 1 2 3 4 5 6 7 8 9 10 11 12 13 14 15 16 17 18 }

* FSM state transitions: 
1 --> 2 
2 --> 3 
3 --> 4 
4 --> 5 
5 --> 6 
6 --> 7 
7 --> 8 
8 --> 9 
9 --> 10 
10 --> 11 
11 --> 12 
12 --> 13 
13 --> 14 
14 --> 15 
15 --> 16 
16 --> 17 
17 --> 18 
18 --> 

* FSM state operations: 

State 1 <SV = 0> <Delay = 0.00>
ST_1 : Operation 19 [1/1] (0.00ns)   --->   "%bl_c3 = alloca i8, align 1" [cannyRectangle/canny_edge_rectangle.cpp:39]   --->   Operation 19 'alloca' 'bl_c3' <Predicate = true> <Delay = 0.00> <Core = "FIFO">   --->   Core 32 'FIFO' <Latency = 0> <II = 1> <Delay = 3.63> <Storage> <Opcode : 'read' 'write' 'nbread' 'nbwrite'> <Ports = 0> <Width = 8> <Depth = 2> <FIFO>
ST_1 : Operation 20 [1/1] (0.00ns)   --->   "%bh_c2 = alloca i8, align 1" [cannyRectangle/canny_edge_rectangle.cpp:39]   --->   Operation 20 'alloca' 'bh_c2' <Predicate = true> <Delay = 0.00> <Core = "FIFO">   --->   Core 32 'FIFO' <Latency = 0> <II = 1> <Delay = 3.63> <Storage> <Opcode : 'read' 'write' 'nbread' 'nbwrite'> <Ports = 0> <Width = 8> <Depth = 2> <FIFO>
ST_1 : Operation 21 [1/1] (0.00ns)   --->   "%bl_c2 = alloca i8, align 1" [cannyRectangle/canny_edge_rectangle.cpp:39]   --->   Operation 21 'alloca' 'bl_c2' <Predicate = true> <Delay = 0.00> <Core = "FIFO">   --->   Core 32 'FIFO' <Latency = 0> <II = 1> <Delay = 3.63> <Storage> <Opcode : 'read' 'write' 'nbread' 'nbwrite'> <Ports = 0> <Width = 8> <Depth = 2> <FIFO>
ST_1 : Operation 22 [1/1] (0.00ns)   --->   "%bl_c = alloca i8, align 1" [cannyRectangle/canny_edge_rectangle.cpp:39]   --->   Operation 22 'alloca' 'bl_c' <Predicate = true> <Delay = 0.00> <Core = "FIFO">   --->   Core 32 'FIFO' <Latency = 0> <II = 1> <Delay = 3.63> <Storage> <Opcode : 'read' 'write' 'nbread' 'nbwrite'> <Ports = 0> <Width = 8> <Depth = 2> <FIFO>
ST_1 : Operation 23 [1/1] (0.00ns)   --->   "%bh_c1 = alloca i8, align 1" [cannyRectangle/canny_edge_rectangle.cpp:39]   --->   Operation 23 'alloca' 'bh_c1' <Predicate = true> <Delay = 0.00> <Core = "FIFO">   --->   Core 32 'FIFO' <Latency = 0> <II = 1> <Delay = 3.63> <Storage> <Opcode : 'read' 'write' 'nbread' 'nbwrite'> <Ports = 0> <Width = 8> <Depth = 2> <FIFO>
ST_1 : Operation 24 [1/1] (0.00ns)   --->   "%bh_c = alloca i8, align 1" [cannyRectangle/canny_edge_rectangle.cpp:39]   --->   Operation 24 'alloca' 'bh_c' <Predicate = true> <Delay = 0.00> <Core = "FIFO">   --->   Core 32 'FIFO' <Latency = 0> <II = 1> <Delay = 3.63> <Storage> <Opcode : 'read' 'write' 'nbread' 'nbwrite'> <Ports = 0> <Width = 8> <Depth = 2> <FIFO>

State 2 <SV = 1> <Delay = 0.00>
ST_2 : Operation 25 [2/2] (0.00ns)   --->   "call fastcc void @AXIS2GrayArray(i24* %axis_in_data_V)" [cannyRectangle/canny_edge_rectangle.cpp:59]   --->   Operation 25 'call' <Predicate = true> <Delay = 0.00> <CoreType = "Generic">   --->   Core 0 '' <Latency = 0> <II = 1> <Delay = 1.00> <Generic> <Opcode : >

State 3 <SV = 2> <Delay = 0.00>
ST_3 : Operation 26 [1/2] (0.00ns)   --->   "call fastcc void @AXIS2GrayArray(i24* %axis_in_data_V)" [cannyRectangle/canny_edge_rectangle.cpp:59]   --->   Operation 26 'call' <Predicate = true> <Delay = 0.00> <CoreType = "Generic">   --->   Core 0 '' <Latency = 0> <II = 1> <Delay = 1.00> <Generic> <Opcode : >

State 4 <SV = 3> <Delay = 0.00>
ST_4 : Operation 27 [2/2] (0.00ns)   --->   "call fastcc void @GaussianBlur()" [cannyRectangle/canny_edge_rectangle.cpp:62]   --->   Operation 27 'call' <Predicate = true> <Delay = 0.00> <CoreType = "Generic">   --->   Core 0 '' <Latency = 0> <II = 1> <Delay = 1.00> <Generic> <Opcode : >

State 5 <SV = 4> <Delay = 0.00>
ST_5 : Operation 28 [1/2] (0.00ns)   --->   "call fastcc void @GaussianBlur()" [cannyRectangle/canny_edge_rectangle.cpp:62]   --->   Operation 28 'call' <Predicate = true> <Delay = 0.00> <CoreType = "Generic">   --->   Core 0 '' <Latency = 0> <II = 1> <Delay = 1.00> <Generic> <Opcode : >

State 6 <SV = 5> <Delay = 0.00>
ST_6 : Operation 29 [2/2] (0.00ns)   --->   "call fastcc void @"Sobel<1920u, 1080u>"()" [cannyRectangle/canny_edge_rectangle.cpp:65]   --->   Operation 29 'call' <Predicate = true> <Delay = 0.00> <CoreType = "Generic">   --->   Core 0 '' <Latency = 0> <II = 1> <Delay = 1.00> <Generic> <Opcode : >

State 7 <SV = 6> <Delay = 0.00>
ST_7 : Operation 30 [1/2] (0.00ns)   --->   "call fastcc void @"Sobel<1920u, 1080u>"()" [cannyRectangle/canny_edge_rectangle.cpp:65]   --->   Operation 30 'call' <Predicate = true> <Delay = 0.00> <CoreType = "Generic">   --->   Core 0 '' <Latency = 0> <II = 1> <Delay = 1.00> <Generic> <Opcode : >

State 8 <SV = 7> <Delay = 0.00>
ST_8 : Operation 31 [2/2] (0.00ns)   --->   "call fastcc void @NonMaxSuppression()" [cannyRectangle/canny_edge_rectangle.cpp:68]   --->   Operation 31 'call' <Predicate = true> <Delay = 0.00> <CoreType = "Generic">   --->   Core 0 '' <Latency = 0> <II = 1> <Delay = 1.00> <Generic> <Opcode : >

State 9 <SV = 8> <Delay = 0.00>
ST_9 : Operation 32 [1/2] (0.00ns)   --->   "call fastcc void @NonMaxSuppression()" [cannyRectangle/canny_edge_rectangle.cpp:68]   --->   Operation 32 'call' <Predicate = true> <Delay = 0.00> <CoreType = "Generic">   --->   Core 0 '' <Latency = 0> <II = 1> <Delay = 1.00> <Generic> <Opcode : >

State 10 <SV = 9> <Delay = 3.63>
ST_10 : Operation 33 [1/1] (0.00ns)   --->   "%bl_read = call i8 @_ssdm_op_Read.ap_auto.i8(i8 %bl)" [cannyRectangle/canny_edge_rectangle.cpp:39]   --->   Operation 33 'read' 'bl_read' <Predicate = true> <Delay = 0.00>
ST_10 : Operation 34 [1/1] (0.00ns)   --->   "%bh_read = call i8 @_ssdm_op_Read.ap_auto.i8(i8 %bh)" [cannyRectangle/canny_edge_rectangle.cpp:39]   --->   Operation 34 'read' 'bh_read' <Predicate = true> <Delay = 0.00>
ST_10 : Operation 35 [1/1] (3.63ns)   --->   "call void @canny_edge_rectangle.1.2(i8 %bh_read, i8 %bl_read, i8* %bh_c2, i8* %bl_c3)" [cannyRectangle/canny_edge_rectangle.cpp:39]   --->   Operation 35 'call' <Predicate = true> <Delay = 3.63> <CoreType = "Generic">   --->   Core 0 '' <Latency = 0> <II = 1> <Delay = 1.00> <Generic> <Opcode : >
ST_10 : Operation 36 [2/2] (0.00ns)   --->   "call fastcc void @ZeroPadding()" [cannyRectangle/canny_edge_rectangle.cpp:72]   --->   Operation 36 'call' <Predicate = true> <Delay = 0.00> <CoreType = "Generic">   --->   Core 0 '' <Latency = 0> <II = 1> <Delay = 1.00> <Generic> <Opcode : >

State 11 <SV = 10> <Delay = 0.00>
ST_11 : Operation 37 [1/1] (0.00ns)   --->   "call fastcc void @canny_edge_rectangle.2(i8* nocapture %bh_c2, i8* nocapture %bl_c3, i8* %bh_c, i8* %bh_c1, i8* %bl_c, i8* %bl_c2)" [cannyRectangle/canny_edge_rectangle.cpp:47]   --->   Operation 37 'call' <Predicate = true> <Delay = 0.00> <CoreType = "Generic">   --->   Core 0 '' <Latency = 0> <II = 1> <Delay = 1.00> <Generic> <Opcode : >
ST_11 : Operation 38 [1/2] (0.00ns)   --->   "call fastcc void @ZeroPadding()" [cannyRectangle/canny_edge_rectangle.cpp:72]   --->   Operation 38 'call' <Predicate = true> <Delay = 0.00> <CoreType = "Generic">   --->   Core 0 '' <Latency = 0> <II = 1> <Delay = 1.00> <Generic> <Opcode : >

State 12 <SV = 11> <Delay = 0.00>
ST_12 : Operation 39 [2/2] (0.00ns)   --->   "call fastcc void @HystThreshold(i8* %bh_c1, i8* %bl_c2)" [cannyRectangle/canny_edge_rectangle.cpp:75]   --->   Operation 39 'call' <Predicate = true> <Delay = 0.00> <CoreType = "Generic">   --->   Core 0 '' <Latency = 0> <II = 1> <Delay = 1.00> <Generic> <Opcode : >

State 13 <SV = 12> <Delay = 0.00>
ST_13 : Operation 40 [1/2] (0.00ns)   --->   "call fastcc void @HystThreshold(i8* %bh_c1, i8* %bl_c2)" [cannyRectangle/canny_edge_rectangle.cpp:75]   --->   Operation 40 'call' <Predicate = true> <Delay = 0.00> <CoreType = "Generic">   --->   Core 0 '' <Latency = 0> <II = 1> <Delay = 1.00> <Generic> <Opcode : >

State 14 <SV = 13> <Delay = 0.00>
ST_14 : Operation 41 [2/2] (0.00ns)   --->   "call fastcc void @HystThresholdComp()" [cannyRectangle/canny_edge_rectangle.cpp:78]   --->   Operation 41 'call' <Predicate = true> <Delay = 0.00> <CoreType = "Generic">   --->   Core 0 '' <Latency = 0> <II = 1> <Delay = 1.00> <Generic> <Opcode : >

State 15 <SV = 14> <Delay = 0.00>
ST_15 : Operation 42 [1/2] (0.00ns)   --->   "call fastcc void @HystThresholdComp()" [cannyRectangle/canny_edge_rectangle.cpp:78]   --->   Operation 42 'call' <Predicate = true> <Delay = 0.00> <CoreType = "Generic">   --->   Core 0 '' <Latency = 0> <II = 1> <Delay = 1.00> <Generic> <Opcode : >

State 16 <SV = 15> <Delay = 0.00>
ST_16 : Operation 43 [2/2] (0.00ns)   --->   "call fastcc void @GrayArray2AXIS(i24* %axis_out_data_V, i1* %axis_out_last_V)" [cannyRectangle/canny_edge_rectangle.cpp:81]   --->   Operation 43 'call' <Predicate = true> <Delay = 0.00> <CoreType = "Generic">   --->   Core 0 '' <Latency = 0> <II = 1> <Delay = 1.00> <Generic> <Opcode : >

State 17 <SV = 16> <Delay = 0.00>
ST_17 : Operation 44 [1/2] (0.00ns)   --->   "call fastcc void @GrayArray2AXIS(i24* %axis_out_data_V, i1* %axis_out_last_V)" [cannyRectangle/canny_edge_rectangle.cpp:81]   --->   Operation 44 'call' <Predicate = true> <Delay = 0.00> <CoreType = "Generic">   --->   Core 0 '' <Latency = 0> <II = 1> <Delay = 1.00> <Generic> <Opcode : >

State 18 <SV = 17> <Delay = 0.00>
ST_18 : Operation 45 [1/1] (0.00ns)   --->   "%empty = call i32 (...)* @_ssdm_op_SpecChannel([9 x i8]* @fifo1202_str, i32 1, [1 x i8]* @p_str203, [1 x i8]* @p_str203, i32 1, i32 2073600, i8* @fifo1, i8* @fifo1)"   --->   Operation 45 'specchannel' 'empty' <Predicate = true> <Delay = 0.00>
ST_18 : Operation 46 [1/1] (0.00ns)   --->   "call void (...)* @_ssdm_op_SpecInterface(i8* @fifo1, [8 x i8]* @ap_fifo_str, i32 0, i32 0, [1 x i8]* @p_str204, i32 0, i32 0, [1 x i8]* @p_str205, [1 x i8]* @p_str206, [1 x i8]* @p_str207, i32 2, i32 2, i32 16, i32 16, [1 x i8]* @p_str208, [1 x i8]* @p_str209)"   --->   Operation 46 'specinterface' <Predicate = true> <Delay = 0.00>
ST_18 : Operation 47 [1/1] (0.00ns)   --->   "%empty_21 = call i32 (...)* @_ssdm_op_SpecChannel([9 x i8]* @fifo2193_str, i32 1, [1 x i8]* @p_str194, [1 x i8]* @p_str194, i32 1, i32 2073600, i8* @fifo2, i8* @fifo2)"   --->   Operation 47 'specchannel' 'empty_21' <Predicate = true> <Delay = 0.00>
ST_18 : Operation 48 [1/1] (0.00ns)   --->   "call void (...)* @_ssdm_op_SpecInterface(i8* @fifo2, [8 x i8]* @ap_fifo_str, i32 0, i32 0, [1 x i8]* @p_str195, i32 0, i32 0, [1 x i8]* @p_str196, [1 x i8]* @p_str197, [1 x i8]* @p_str198, i32 2, i32 2, i32 16, i32 16, [1 x i8]* @p_str199, [1 x i8]* @p_str200)"   --->   Operation 48 'specinterface' <Predicate = true> <Delay = 0.00>
ST_18 : Operation 49 [1/1] (0.00ns)   --->   "%empty_22 = call i32 (...)* @_ssdm_op_SpecChannel([14 x i8]* @fifo3_OC_grad184_str, i32 1, [1 x i8]* @p_str185, [1 x i8]* @p_str185, i32 1, i32 2073600, i2* @fifo3_grad, i2* @fifo3_grad)"   --->   Operation 49 'specchannel' 'empty_22' <Predicate = true> <Delay = 0.00>
ST_18 : Operation 50 [1/1] (0.00ns)   --->   "call void (...)* @_ssdm_op_SpecInterface(i2* @fifo3_grad, [8 x i8]* @ap_fifo_str, i32 0, i32 0, [1 x i8]* @p_str186, i32 0, i32 0, [1 x i8]* @p_str187, [1 x i8]* @p_str188, [1 x i8]* @p_str189, i32 2, i32 2, i32 16, i32 16, [1 x i8]* @p_str190, [1 x i8]* @p_str191)"   --->   Operation 50 'specinterface' <Predicate = true> <Delay = 0.00>
ST_18 : Operation 51 [1/1] (0.00ns)   --->   "%empty_23 = call i32 (...)* @_ssdm_op_SpecChannel([15 x i8]* @fifo3_OC_value175_st, i32 1, [1 x i8]* @p_str176, [1 x i8]* @p_str176, i32 1, i32 2073600, i8* @fifo3_value, i8* @fifo3_value)"   --->   Operation 51 'specchannel' 'empty_23' <Predicate = true> <Delay = 0.00>
ST_18 : Operation 52 [1/1] (0.00ns)   --->   "call void (...)* @_ssdm_op_SpecInterface(i8* @fifo3_value, [8 x i8]* @ap_fifo_str, i32 0, i32 0, [1 x i8]* @p_str177, i32 0, i32 0, [1 x i8]* @p_str178, [1 x i8]* @p_str179, [1 x i8]* @p_str180, i32 2, i32 2, i32 16, i32 16, [1 x i8]* @p_str181, [1 x i8]* @p_str182)"   --->   Operation 52 'specinterface' <Predicate = true> <Delay = 0.00>
ST_18 : Operation 53 [1/1] (0.00ns)   --->   "%empty_24 = call i32 (...)* @_ssdm_op_SpecChannel([9 x i8]* @fifo4166_str, i32 1, [1 x i8]* @p_str167, [1 x i8]* @p_str167, i32 1, i32 2073600, i8* @fifo4, i8* @fifo4)"   --->   Operation 53 'specchannel' 'empty_24' <Predicate = true> <Delay = 0.00>
ST_18 : Operation 54 [1/1] (0.00ns)   --->   "call void (...)* @_ssdm_op_SpecInterface(i8* @fifo4, [8 x i8]* @ap_fifo_str, i32 0, i32 0, [1 x i8]* @p_str168, i32 0, i32 0, [1 x i8]* @p_str169, [1 x i8]* @p_str170, [1 x i8]* @p_str171, i32 2, i32 2, i32 16, i32 16, [1 x i8]* @p_str172, [1 x i8]* @p_str173)"   --->   Operation 54 'specinterface' <Predicate = true> <Delay = 0.00>
ST_18 : Operation 55 [1/1] (0.00ns)   --->   "%empty_25 = call i32 (...)* @_ssdm_op_SpecChannel([9 x i8]* @fifo5157_str, i32 1, [1 x i8]* @p_str158, [1 x i8]* @p_str158, i32 1, i32 2073600, i8* @fifo5, i8* @fifo5)"   --->   Operation 55 'specchannel' 'empty_25' <Predicate = true> <Delay = 0.00>
ST_18 : Operation 56 [1/1] (0.00ns)   --->   "call void (...)* @_ssdm_op_SpecInterface(i8* @fifo5, [8 x i8]* @ap_fifo_str, i32 0, i32 0, [1 x i8]* @p_str159, i32 0, i32 0, [1 x i8]* @p_str160, [1 x i8]* @p_str161, [1 x i8]* @p_str162, i32 2, i32 2, i32 16, i32 16, [1 x i8]* @p_str163, [1 x i8]* @p_str164)"   --->   Operation 56 'specinterface' <Predicate = true> <Delay = 0.00>
ST_18 : Operation 57 [1/1] (0.00ns)   --->   "%empty_26 = call i32 (...)* @_ssdm_op_SpecChannel([9 x i8]* @fifo6148_str, i32 1, [1 x i8]* @p_str149, [1 x i8]* @p_str149, i32 1, i32 2073600, i8* @fifo6, i8* @fifo6)"   --->   Operation 57 'specchannel' 'empty_26' <Predicate = true> <Delay = 0.00>
ST_18 : Operation 58 [1/1] (0.00ns)   --->   "call void (...)* @_ssdm_op_SpecInterface(i8* @fifo6, [8 x i8]* @ap_fifo_str, i32 0, i32 0, [1 x i8]* @p_str150, i32 0, i32 0, [1 x i8]* @p_str151, [1 x i8]* @p_str152, [1 x i8]* @p_str153, i32 2, i32 2, i32 16, i32 16, [1 x i8]* @p_str154, [1 x i8]* @p_str155)"   --->   Operation 58 'specinterface' <Predicate = true> <Delay = 0.00>
ST_18 : Operation 59 [1/1] (0.00ns)   --->   "%empty_27 = call i32 (...)* @_ssdm_op_SpecChannel([9 x i8]* @fifo7139_str, i32 1, [1 x i8]* @p_str140, [1 x i8]* @p_str140, i32 1, i32 2073600, i8* @fifo7, i8* @fifo7)"   --->   Operation 59 'specchannel' 'empty_27' <Predicate = true> <Delay = 0.00>
ST_18 : Operation 60 [1/1] (0.00ns)   --->   "call void (...)* @_ssdm_op_SpecInterface(i8* @fifo7, [8 x i8]* @ap_fifo_str, i32 0, i32 0, [1 x i8]* @p_str141, i32 0, i32 0, [1 x i8]* @p_str142, [1 x i8]* @p_str143, [1 x i8]* @p_str144, i32 2, i32 2, i32 16, i32 16, [1 x i8]* @p_str145, [1 x i8]* @p_str146)"   --->   Operation 60 'specinterface' <Predicate = true> <Delay = 0.00>
ST_18 : Operation 61 [1/1] (0.00ns)   --->   "call void (...)* @_ssdm_op_SpecDataflowPipeline(i32 -1, i32 0, [1 x i8]* @p_str2) nounwind" [cannyRectangle/canny_edge_rectangle.cpp:47]   --->   Operation 61 'specdataflowpipeline' <Predicate = true> <Delay = 0.00>
ST_18 : Operation 62 [1/1] (0.00ns)   --->   "call void (...)* @_ssdm_op_SpecBitsMap(i24* %axis_in_data_V), !map !135"   --->   Operation 62 'specbitsmap' <Predicate = true> <Delay = 0.00>
ST_18 : Operation 63 [1/1] (0.00ns)   --->   "call void (...)* @_ssdm_op_SpecBitsMap(i1* %axis_in_last_V), !map !141"   --->   Operation 63 'specbitsmap' <Predicate = true> <Delay = 0.00>
ST_18 : Operation 64 [1/1] (0.00ns)   --->   "call void (...)* @_ssdm_op_SpecBitsMap(i24* %axis_out_data_V), !map !145"   --->   Operation 64 'specbitsmap' <Predicate = true> <Delay = 0.00>
ST_18 : Operation 65 [1/1] (0.00ns)   --->   "call void (...)* @_ssdm_op_SpecBitsMap(i1* %axis_out_last_V), !map !149"   --->   Operation 65 'specbitsmap' <Predicate = true> <Delay = 0.00>
ST_18 : Operation 66 [1/1] (0.00ns)   --->   "call void (...)* @_ssdm_op_SpecBitsMap(i8* %hist_hthr), !map !153"   --->   Operation 66 'specbitsmap' <Predicate = true> <Delay = 0.00>
ST_18 : Operation 67 [1/1] (0.00ns)   --->   "call void (...)* @_ssdm_op_SpecBitsMap(i8* %hist_lthr), !map !157"   --->   Operation 67 'specbitsmap' <Predicate = true> <Delay = 0.00>
ST_18 : Operation 68 [1/1] (0.00ns)   --->   "call void (...)* @_ssdm_op_SpecBitsMap(i8 %bh), !map !161"   --->   Operation 68 'specbitsmap' <Predicate = true> <Delay = 0.00>
ST_18 : Operation 69 [1/1] (0.00ns)   --->   "call void (...)* @_ssdm_op_SpecBitsMap(i8 %bl), !map !167"   --->   Operation 69 'specbitsmap' <Predicate = true> <Delay = 0.00>
ST_18 : Operation 70 [1/1] (0.00ns)   --->   "call void (...)* @_ssdm_op_SpecTopModule([21 x i8]* @canny_edge_rectangle_1) nounwind"   --->   Operation 70 'spectopmodule' <Predicate = true> <Delay = 0.00>
ST_18 : Operation 71 [1/1] (0.00ns)   --->   "call void (...)* @_ssdm_op_SpecInterface(i24* %axis_in_data_V, i1* %axis_in_last_V, [5 x i8]* @p_str, i32 1, i32 1, [5 x i8]* @p_str1, i32 0, i32 0, [1 x i8]* @p_str2, [1 x i8]* @p_str2, [1 x i8]* @p_str2, i32 0, i32 0, i32 0, i32 0, [1 x i8]* @p_str2, [1 x i8]* @p_str2) nounwind" [cannyRectangle/canny_edge_rectangle.cpp:41]   --->   Operation 71 'specinterface' <Predicate = true> <Delay = 0.00>
ST_18 : Operation 72 [1/1] (0.00ns)   --->   "call void (...)* @_ssdm_op_SpecInterface(i24* %axis_out_data_V, i1* %axis_out_last_V, [5 x i8]* @p_str, i32 1, i32 1, [5 x i8]* @p_str1, i32 0, i32 0, [1 x i8]* @p_str2, [1 x i8]* @p_str2, [1 x i8]* @p_str2, i32 0, i32 0, i32 0, i32 0, [1 x i8]* @p_str2, [1 x i8]* @p_str2) nounwind" [cannyRectangle/canny_edge_rectangle.cpp:42]   --->   Operation 72 'specinterface' <Predicate = true> <Delay = 0.00>
ST_18 : Operation 73 [1/1] (0.00ns)   --->   "call void (...)* @_ssdm_op_SpecInterface(i8* %hist_hthr, [10 x i8]* @p_str3, i32 0, i32 0, [1 x i8]* @p_str2, i32 0, i32 0, [1 x i8]* @p_str2, [1 x i8]* @p_str2, [1 x i8]* @p_str2, i32 0, i32 0, i32 0, i32 0, [1 x i8]* @p_str2, [1 x i8]* @p_str2) nounwind" [cannyRectangle/canny_edge_rectangle.cpp:43]   --->   Operation 73 'specinterface' <Predicate = true> <Delay = 0.00>
ST_18 : Operation 74 [1/1] (0.00ns)   --->   "call void (...)* @_ssdm_op_SpecInterface(i8* %hist_lthr, [10 x i8]* @p_str3, i32 0, i32 0, [1 x i8]* @p_str2, i32 0, i32 0, [1 x i8]* @p_str2, [1 x i8]* @p_str2, [1 x i8]* @p_str2, i32 0, i32 0, i32 0, i32 0, [1 x i8]* @p_str2, [1 x i8]* @p_str2) nounwind" [cannyRectangle/canny_edge_rectangle.cpp:44]   --->   Operation 74 'specinterface' <Predicate = true> <Delay = 0.00>
ST_18 : Operation 75 [1/1] (0.00ns)   --->   "call void (...)* @_ssdm_op_SpecInterface(i32 0, [10 x i8]* @p_str3, i32 0, i32 0, [1 x i8]* @p_str2, i32 0, i32 0, [1 x i8]* @p_str2, [1 x i8]* @p_str2, [1 x i8]* @p_str2, i32 0, i32 0, i32 0, i32 0, [1 x i8]* @p_str2, [1 x i8]* @p_str2) nounwind" [cannyRectangle/canny_edge_rectangle.cpp:45]   --->   Operation 75 'specinterface' <Predicate = true> <Delay = 0.00>
ST_18 : Operation 76 [1/1] (0.00ns)   --->   "%empty_28 = call i32 (...)* @_ssdm_op_SpecChannel([5 x i8]* @bh_c_str, i32 1, [1 x i8]* @p_str88, [1 x i8]* @p_str88, i32 2, i32 0, i8* %bh_c, i8* %bh_c)" [cannyRectangle/canny_edge_rectangle.cpp:39]   --->   Operation 76 'specchannel' 'empty_28' <Predicate = true> <Delay = 0.00>
ST_18 : Operation 77 [1/1] (0.00ns)   --->   "call void (...)* @_ssdm_op_SpecInterface(i8* %bh_c, [8 x i8]* @ap_fifo_str, i32 0, i32 0, [1 x i8]* @p_str89, i32 0, i32 0, [1 x i8]* @p_str90, [1 x i8]* @p_str91, [1 x i8]* @p_str92, i32 2, i32 2, i32 16, i32 16, [1 x i8]* @p_str93, [1 x i8]* @p_str94)" [cannyRectangle/canny_edge_rectangle.cpp:39]   --->   Operation 77 'specinterface' <Predicate = true> <Delay = 0.00>
ST_18 : Operation 78 [1/1] (0.00ns)   --->   "%empty_29 = call i32 (...)* @_ssdm_op_SpecChannel([6 x i8]* @bh_c1_str, i32 1, [1 x i8]* @p_str95, [1 x i8]* @p_str95, i32 7, i32 0, i8* %bh_c1, i8* %bh_c1)" [cannyRectangle/canny_edge_rectangle.cpp:39]   --->   Operation 78 'specchannel' 'empty_29' <Predicate = true> <Delay = 0.00>
ST_18 : Operation 79 [1/1] (0.00ns)   --->   "call void (...)* @_ssdm_op_SpecInterface(i8* %bh_c1, [8 x i8]* @ap_fifo_str, i32 0, i32 0, [1 x i8]* @p_str96, i32 0, i32 0, [1 x i8]* @p_str97, [1 x i8]* @p_str98, [1 x i8]* @p_str99, i32 2, i32 2, i32 16, i32 16, [1 x i8]* @p_str100, [1 x i8]* @p_str101)" [cannyRectangle/canny_edge_rectangle.cpp:39]   --->   Operation 79 'specinterface' <Predicate = true> <Delay = 0.00>
ST_18 : Operation 80 [1/1] (0.00ns)   --->   "%empty_30 = call i32 (...)* @_ssdm_op_SpecChannel([5 x i8]* @bl_c_str, i32 1, [1 x i8]* @p_str102, [1 x i8]* @p_str102, i32 2, i32 0, i8* %bl_c, i8* %bl_c)" [cannyRectangle/canny_edge_rectangle.cpp:39]   --->   Operation 80 'specchannel' 'empty_30' <Predicate = true> <Delay = 0.00>
ST_18 : Operation 81 [1/1] (0.00ns)   --->   "call void (...)* @_ssdm_op_SpecInterface(i8* %bl_c, [8 x i8]* @ap_fifo_str, i32 0, i32 0, [1 x i8]* @p_str103, i32 0, i32 0, [1 x i8]* @p_str104, [1 x i8]* @p_str105, [1 x i8]* @p_str106, i32 2, i32 2, i32 16, i32 16, [1 x i8]* @p_str107, [1 x i8]* @p_str108)" [cannyRectangle/canny_edge_rectangle.cpp:39]   --->   Operation 81 'specinterface' <Predicate = true> <Delay = 0.00>
ST_18 : Operation 82 [1/1] (0.00ns)   --->   "%empty_31 = call i32 (...)* @_ssdm_op_SpecChannel([6 x i8]* @bl_c2_str, i32 1, [1 x i8]* @p_str109, [1 x i8]* @p_str109, i32 7, i32 0, i8* %bl_c2, i8* %bl_c2)" [cannyRectangle/canny_edge_rectangle.cpp:39]   --->   Operation 82 'specchannel' 'empty_31' <Predicate = true> <Delay = 0.00>
ST_18 : Operation 83 [1/1] (0.00ns)   --->   "call void (...)* @_ssdm_op_SpecInterface(i8* %bl_c2, [8 x i8]* @ap_fifo_str, i32 0, i32 0, [1 x i8]* @p_str110, i32 0, i32 0, [1 x i8]* @p_str111, [1 x i8]* @p_str112, [1 x i8]* @p_str113, i32 2, i32 2, i32 16, i32 16, [1 x i8]* @p_str114, [1 x i8]* @p_str115)" [cannyRectangle/canny_edge_rectangle.cpp:39]   --->   Operation 83 'specinterface' <Predicate = true> <Delay = 0.00>
ST_18 : Operation 84 [1/1] (0.00ns)   --->   "%empty_32 = call i32 (...)* @_ssdm_op_SpecChannel([6 x i8]* @bh_c2_str, i32 1, [1 x i8]* @p_str22, [1 x i8]* @p_str22, i32 2, i32 0, i8* %bh_c2, i8* %bh_c2)" [cannyRectangle/canny_edge_rectangle.cpp:39]   --->   Operation 84 'specchannel' 'empty_32' <Predicate = true> <Delay = 0.00>
ST_18 : Operation 85 [1/1] (0.00ns)   --->   "call void (...)* @_ssdm_op_SpecInterface(i8* %bh_c2, [8 x i8]* @ap_fifo_str, i32 0, i32 0, [1 x i8]* @p_str23, i32 0, i32 0, [1 x i8]* @p_str24, [1 x i8]* @p_str25, [1 x i8]* @p_str26, i32 2, i32 2, i32 16, i32 16, [1 x i8]* @p_str27, [1 x i8]* @p_str28)" [cannyRectangle/canny_edge_rectangle.cpp:39]   --->   Operation 85 'specinterface' <Predicate = true> <Delay = 0.00>
ST_18 : Operation 86 [1/1] (0.00ns)   --->   "%empty_33 = call i32 (...)* @_ssdm_op_SpecChannel([6 x i8]* @bl_c3_str, i32 1, [1 x i8]* @p_str29, [1 x i8]* @p_str29, i32 2, i32 0, i8* %bl_c3, i8* %bl_c3)" [cannyRectangle/canny_edge_rectangle.cpp:39]   --->   Operation 86 'specchannel' 'empty_33' <Predicate = true> <Delay = 0.00>
ST_18 : Operation 87 [1/1] (0.00ns)   --->   "call void (...)* @_ssdm_op_SpecInterface(i8* %bl_c3, [8 x i8]* @ap_fifo_str, i32 0, i32 0, [1 x i8]* @p_str30, i32 0, i32 0, [1 x i8]* @p_str31, [1 x i8]* @p_str32, [1 x i8]* @p_str33, i32 2, i32 2, i32 16, i32 16, [1 x i8]* @p_str34, [1 x i8]* @p_str35)" [cannyRectangle/canny_edge_rectangle.cpp:39]   --->   Operation 87 'specinterface' <Predicate = true> <Delay = 0.00>
ST_18 : Operation 88 [1/1] (0.00ns)   --->   "call fastcc void @Block__proc(i8* nocapture %bh_c, i8* %hist_hthr, i8* nocapture %bl_c, i8* %hist_lthr)" [cannyRectangle/canny_edge_rectangle.cpp:39]   --->   Operation 88 'call' <Predicate = true> <Delay = 0.00> <CoreType = "Generic">   --->   Core 0 '' <Latency = 0> <II = 1> <Delay = 1.00> <Generic> <Opcode : >
ST_18 : Operation 89 [1/1] (0.00ns)   --->   "ret void" [cannyRectangle/canny_edge_rectangle.cpp:82]   --->   Operation 89 'ret' <Predicate = true> <Delay = 0.00>


============================================================
+ Verbose Summary: Timing violations
============================================================
Target clock period: 11ns, clock uncertainty: 1.38ns.

 <State 1>: 0ns
The critical path consists of the following:

 <State 2>: 0ns
The critical path consists of the following:

 <State 3>: 0ns
The critical path consists of the following:

 <State 4>: 0ns
The critical path consists of the following:

 <State 5>: 0ns
The critical path consists of the following:

 <State 6>: 0ns
The critical path consists of the following:

 <State 7>: 0ns
The critical path consists of the following:

 <State 8>: 0ns
The critical path consists of the following:

 <State 9>: 0ns
The critical path consists of the following:

 <State 10>: 3.63ns
The critical path consists of the following:
	wire read on port 'bl' (cannyRectangle/canny_edge_rectangle.cpp:39) [17]  (0 ns)
	'call' operation ('call_ln39', cannyRectangle/canny_edge_rectangle.cpp:39) to 'canny_edge_rectangle.1.2' [68]  (3.63 ns)

 <State 11>: 0ns
The critical path consists of the following:

 <State 12>: 0ns
The critical path consists of the following:

 <State 13>: 0ns
The critical path consists of the following:

 <State 14>: 0ns
The critical path consists of the following:

 <State 15>: 0ns
The critical path consists of the following:

 <State 16>: 0ns
The critical path consists of the following:

 <State 17>: 0ns
The critical path consists of the following:

 <State 18>: 0ns
The critical path consists of the following:


============================================================
+ Verbose Summary: Binding
============================================================
N/A
* FSMD analyzer results:
  - Output states:
 - Input state : 
  - Chain level:
	State 1
	State 2
	State 3
	State 4
	State 5
	State 6
	State 7
	State 8
	State 9
	State 10
	State 11
	State 12
	State 13
	State 14
	State 15
	State 16
	State 17
	State 18


============================================================
+ Verbose Summary: Datapath Resource usage 
============================================================
N/A
