

================================================================
== Vivado HLS Report for 'HystThreshold'
================================================================
* Date:           Fri May 26 21:01:35 2023

* Version:        2019.1 (Build 2552052 on Fri May 24 15:28:33 MDT 2019)
* Project:        cannyRectangle
* Solution:       solution1
* Product family: zynq
* Target device:  xc7z020-clg400-1


================================================================
== Performance Estimates
================================================================
+ Timing (ns): 
    * Summary: 
    +--------+-------+----------+------------+
    |  Clock | Target| Estimated| Uncertainty|
    +--------+-------+----------+------------+
    |ap_clk  |  11.00|     5.185|        1.38|
    +--------+-------+----------+------------+

+ Latency (clock cycles): 
    * Summary: 
    +---------+---------+---------+---------+---------+
    |      Latency      |      Interval     | Pipeline|
    |   min   |   max   |   min   |   max   |   Type  |
    +---------+---------+---------+---------+---------+
    |  2077921|  2077921|  2077921|  2077921|   none  |
    +---------+---------+---------+---------+---------+

    + Detail: 
        * Instance: 
        N/A

        * Loop: 
        +-------------+---------+---------+----------+-----------+-----------+------+----------+
        |             |      Latency      | Iteration|  Initiation Interval  | Trip |          |
        |  Loop Name  |   min   |   max   |  Latency |  achieved |   target  | Count| Pipelined|
        +-------------+---------+---------+----------+-----------+-----------+------+----------+
        |- Loop 1     |  2077920|  2077920|      1924|          -|          -|  1080|    no    |
        | + Loop 1.1  |     1921|     1921|         3|          1|          1|  1920|    yes   |
        +-------------+---------+---------+----------+-----------+-----------+------+----------+

============================================================
+ Verbose Summary: Synthesis Manager
============================================================
InlineROM: 1
ExposeGlobal: 0
============================================================
+ Verbose Summary: CDFG Model
============================================================
IsTopModel: 0
ResetActiveHigh: 1
IsCombinational: 2
IsDatapathOnly: 0
HasWiredReturn: 1
HasMFsm: 0
HasVarLatency: 1
IsPipeline: 0
IsRtlPipelined: 0
IsInstanceOverlapped: 0
IsDontTouch: 0
HasImplIP: 0
IsGatedGlobalClock: 0

+ Individual pipeline summary: 
  * Pipeline-0: initiation interval (II) = 1, depth = 3


============================================================
+ Verbose Summary: Schedule
============================================================
* Number of FSM states : 6
* Pipeline : 1
  Pipeline-0 : II = 1, D = 3, States = { 3 4 5 }
* Dataflow Pipeline: 0

* FSM state transitions: 
1 --> 2 
2 --> 3 
3 --> 6 4 
4 --> 5 
5 --> 3 
6 --> 2 

* FSM state operations: 

State 1 <SV = 0> <Delay = 3.63>
ST_1 : Operation 7 [1/1] (0.00ns)   --->   "call void (...)* @_ssdm_op_SpecInterface(i8* @fifo6, [8 x i8]* @ap_fifo_str, i32 0, i32 0, [1 x i8]* @p_str150, i32 0, i32 0, [1 x i8]* @p_str151, [1 x i8]* @p_str152, [1 x i8]* @p_str153, i32 2, i32 2, i32 16, i32 16, [1 x i8]* @p_str154, [1 x i8]* @p_str155)"   --->   Operation 7 'specinterface' <Predicate = true> <Delay = 0.00>
ST_1 : Operation 8 [1/1] (0.00ns)   --->   "call void (...)* @_ssdm_op_SpecInterface(i8* @fifo5, [8 x i8]* @ap_fifo_str, i32 0, i32 0, [1 x i8]* @p_str159, i32 0, i32 0, [1 x i8]* @p_str160, [1 x i8]* @p_str161, [1 x i8]* @p_str162, i32 2, i32 2, i32 16, i32 16, [1 x i8]* @p_str163, [1 x i8]* @p_str164)"   --->   Operation 8 'specinterface' <Predicate = true> <Delay = 0.00>
ST_1 : Operation 9 [1/1] (0.00ns)   --->   "call void (...)* @_ssdm_op_SpecInterface(i8* %lthr, [8 x i8]* @ap_fifo_str, i32 0, i32 0, [1 x i8]* @p_str133, i32 0, i32 0, [1 x i8]* @p_str134, [1 x i8]* @p_str135, [1 x i8]* @p_str136, i32 2, i32 2, i32 16, i32 16, [1 x i8]* @p_str137, [11 x i8]* @ScalarProp_str)"   --->   Operation 9 'specinterface' <Predicate = true> <Delay = 0.00>
ST_1 : Operation 10 [1/1] (0.00ns)   --->   "call void (...)* @_ssdm_op_SpecInterface(i8* %hthr, [8 x i8]* @ap_fifo_str, i32 0, i32 0, [1 x i8]* @p_str128, i32 0, i32 0, [1 x i8]* @p_str129, [1 x i8]* @p_str130, [1 x i8]* @p_str131, i32 2, i32 2, i32 16, i32 16, [1 x i8]* @p_str132, [11 x i8]* @ScalarProp_str)"   --->   Operation 10 'specinterface' <Predicate = true> <Delay = 0.00>
ST_1 : Operation 11 [1/1] (3.63ns)   --->   "%hthr_read = call i8 @_ssdm_op_Read.ap_fifo.i8P(i8* %hthr)" [cannyRectangle/HlsImProc.hpp:394]   --->   Operation 11 'read' 'hthr_read' <Predicate = true> <Delay = 3.63> <Core = "FIFO">   --->   Core 32 'FIFO' <Latency = 0> <II = 1> <Delay = 3.63> <Storage> <Opcode : 'read' 'write' 'nbread' 'nbwrite'> <Ports = 0> <Width = 8> <Depth = 2> <FIFO>
ST_1 : Operation 12 [1/1] (3.63ns)   --->   "%lthr_read = call i8 @_ssdm_op_Read.ap_fifo.i8P(i8* %lthr)" [cannyRectangle/HlsImProc.hpp:394]   --->   Operation 12 'read' 'lthr_read' <Predicate = true> <Delay = 3.63> <Core = "FIFO">   --->   Core 32 'FIFO' <Latency = 0> <II = 1> <Delay = 3.63> <Storage> <Opcode : 'read' 'write' 'nbread' 'nbwrite'> <Ports = 0> <Width = 8> <Depth = 2> <FIFO>
ST_1 : Operation 13 [1/1] (1.76ns)   --->   "br label %.loopexit" [cannyRectangle/HlsImProc.hpp:396->cannyRectangle/canny_edge_rectangle.cpp:39]   --->   Operation 13 'br' <Predicate = true> <Delay = 1.76>

State 2 <SV = 1> <Delay = 2.85>
ST_2 : Operation 14 [1/1] (0.00ns)   --->   "%yi_0_i_i = phi i11 [ 0, %entry ], [ %yi, %.loopexit.loopexit ]"   --->   Operation 14 'phi' 'yi_0_i_i' <Predicate = true> <Delay = 0.00>
ST_2 : Operation 15 [1/1] (1.88ns)   --->   "%icmp_ln396 = icmp eq i11 %yi_0_i_i, -968" [cannyRectangle/HlsImProc.hpp:396->cannyRectangle/canny_edge_rectangle.cpp:39]   --->   Operation 15 'icmp' 'icmp_ln396' <Predicate = true> <Delay = 1.88> <Core = "Cmp">   --->   Core 25 'Cmp' <Latency = 0> <II = 1> <Delay = 1.88> <FuncUnit> <Opcode : 'icmp'> <InPorts = 2> <OutPorts = 1>
ST_2 : Operation 16 [1/1] (0.00ns)   --->   "%empty = call i32 (...)* @_ssdm_op_SpecLoopTripCount(i64 1080, i64 1080, i64 1080)"   --->   Operation 16 'speclooptripcount' 'empty' <Predicate = true> <Delay = 0.00>
ST_2 : Operation 17 [1/1] (1.63ns)   --->   "%yi = add i11 %yi_0_i_i, 1" [cannyRectangle/HlsImProc.hpp:396->cannyRectangle/canny_edge_rectangle.cpp:39]   --->   Operation 17 'add' 'yi' <Predicate = true> <Delay = 1.63> <Core = "AddSub">   --->   Core 14 'AddSub' <Latency = 0> <II = 1> <Delay = 1.63> <FuncUnit> <Opcode : 'add' 'sub'> <InPorts = 2> <OutPorts = 1>
ST_2 : Operation 18 [1/1] (0.00ns)   --->   "br i1 %icmp_ln396, label %.exit, label %.preheader.i.i.preheader" [cannyRectangle/HlsImProc.hpp:396->cannyRectangle/canny_edge_rectangle.cpp:39]   --->   Operation 18 'br' <Predicate = true> <Delay = 0.00>
ST_2 : Operation 19 [1/1] (1.76ns)   --->   "br label %.preheader.i.i" [cannyRectangle/HlsImProc.hpp:397->cannyRectangle/canny_edge_rectangle.cpp:39]   --->   Operation 19 'br' <Predicate = (!icmp_ln396)> <Delay = 1.76>
ST_2 : Operation 20 [1/1] (0.00ns)   --->   "ret void" [cannyRectangle/canny_edge_rectangle.cpp:39]   --->   Operation 20 'ret' <Predicate = (icmp_ln396)> <Delay = 0.00>

State 3 <SV = 2> <Delay = 1.88>
ST_3 : Operation 21 [1/1] (0.00ns)   --->   "%xi_0_i_i = phi i11 [ %xi, %hls_label_5 ], [ 0, %.preheader.i.i.preheader ]"   --->   Operation 21 'phi' 'xi_0_i_i' <Predicate = true> <Delay = 0.00>
ST_3 : Operation 22 [1/1] (1.88ns)   --->   "%icmp_ln397 = icmp eq i11 %xi_0_i_i, -128" [cannyRectangle/HlsImProc.hpp:397->cannyRectangle/canny_edge_rectangle.cpp:39]   --->   Operation 22 'icmp' 'icmp_ln397' <Predicate = true> <Delay = 1.88> <Core = "Cmp">   --->   Core 25 'Cmp' <Latency = 0> <II = 1> <Delay = 1.88> <FuncUnit> <Opcode : 'icmp'> <InPorts = 2> <OutPorts = 1>
ST_3 : Operation 23 [1/1] (0.00ns)   --->   "%empty_104 = call i32 (...)* @_ssdm_op_SpecLoopTripCount(i64 1920, i64 1920, i64 1920)"   --->   Operation 23 'speclooptripcount' 'empty_104' <Predicate = true> <Delay = 0.00>
ST_3 : Operation 24 [1/1] (1.63ns)   --->   "%xi = add i11 %xi_0_i_i, 1" [cannyRectangle/HlsImProc.hpp:397->cannyRectangle/canny_edge_rectangle.cpp:39]   --->   Operation 24 'add' 'xi' <Predicate = true> <Delay = 1.63> <Core = "AddSub">   --->   Core 14 'AddSub' <Latency = 0> <II = 1> <Delay = 1.63> <FuncUnit> <Opcode : 'add' 'sub'> <InPorts = 2> <OutPorts = 1>
ST_3 : Operation 25 [1/1] (0.00ns)   --->   "br i1 %icmp_ln397, label %.loopexit.loopexit, label %hls_label_5" [cannyRectangle/HlsImProc.hpp:397->cannyRectangle/canny_edge_rectangle.cpp:39]   --->   Operation 25 'br' <Predicate = true> <Delay = 0.00>

State 4 <SV = 3> <Delay = 5.18>
ST_4 : Operation 26 [1/1] (3.63ns)   --->   "%fifo5_read = call i8 @_ssdm_op_Read.ap_fifo.volatile.i8P(i8* @fifo5)" [cannyRectangle/HlsImProc.hpp:404->cannyRectangle/canny_edge_rectangle.cpp:39]   --->   Operation 26 'read' 'fifo5_read' <Predicate = (!icmp_ln397)> <Delay = 3.63> <Core = "FIFO">   --->   Core 32 'FIFO' <Latency = 0> <II = 1> <Delay = 3.63> <Storage> <Opcode : 'read' 'write' 'nbread' 'nbwrite'> <Ports = 0> <Width = 8> <Depth = 2> <FIFO>
ST_4 : Operation 27 [1/1] (1.55ns)   --->   "%icmp_ln404 = icmp ult i8 %fifo5_read, %lthr_read" [cannyRectangle/HlsImProc.hpp:404->cannyRectangle/canny_edge_rectangle.cpp:39]   --->   Operation 27 'icmp' 'icmp_ln404' <Predicate = (!icmp_ln397)> <Delay = 1.55> <Core = "Cmp">   --->   Core 25 'Cmp' <Latency = 0> <II = 1> <Delay = 1.88> <FuncUnit> <Opcode : 'icmp'> <InPorts = 2> <OutPorts = 1>
ST_4 : Operation 28 [1/1] (1.55ns)   --->   "%icmp_ln407 = icmp ugt i8 %fifo5_read, %hthr_read" [cannyRectangle/HlsImProc.hpp:407->cannyRectangle/canny_edge_rectangle.cpp:39]   --->   Operation 28 'icmp' 'icmp_ln407' <Predicate = (!icmp_ln397)> <Delay = 1.55> <Core = "Cmp">   --->   Core 25 'Cmp' <Latency = 0> <II = 1> <Delay = 1.88> <FuncUnit> <Opcode : 'icmp'> <InPorts = 2> <OutPorts = 1>

State 5 <SV = 4> <Delay = 4.62>
ST_5 : Operation 29 [1/1] (0.00ns)   --->   "%tmp_i_i = call i32 (...)* @_ssdm_op_SpecRegionBegin([12 x i8]* @p_str7)" [cannyRectangle/HlsImProc.hpp:397->cannyRectangle/canny_edge_rectangle.cpp:39]   --->   Operation 29 'specregionbegin' 'tmp_i_i' <Predicate = (!icmp_ln397)> <Delay = 0.00>
ST_5 : Operation 30 [1/1] (0.00ns)   --->   "call void (...)* @_ssdm_op_SpecPipeline(i32 1, i32 1, i32 1, i32 0, [1 x i8]* @p_str2) nounwind" [cannyRectangle/HlsImProc.hpp:398->cannyRectangle/canny_edge_rectangle.cpp:39]   --->   Operation 30 'specpipeline' <Predicate = (!icmp_ln397)> <Delay = 0.00>
ST_5 : Operation 31 [1/1] (0.00ns) (grouped into LUT with out node select_ln404_1)   --->   "%xor_ln404 = xor i1 %icmp_ln404, true" [cannyRectangle/HlsImProc.hpp:404->cannyRectangle/canny_edge_rectangle.cpp:39]   --->   Operation 31 'xor' 'xor_ln404' <Predicate = (!icmp_ln397)> <Delay = 0.00> <Core = "LogicGate">   --->   Core 27 'LogicGate' <Latency = 0> <II = 1> <Delay = 0.97> <FuncUnit> <Opcode : 'and' 'or' 'xor'> <InPorts = 2> <OutPorts = 1>
ST_5 : Operation 32 [1/1] (0.00ns) (grouped into LUT with out node select_ln404_1)   --->   "%select_ln404 = select i1 %xor_ln404, i2 -1, i2 0" [cannyRectangle/HlsImProc.hpp:404->cannyRectangle/canny_edge_rectangle.cpp:39]   --->   Operation 32 'select' 'select_ln404' <Predicate = (!icmp_ln397)> <Delay = 0.00> <Core = "Sel">   --->   Core 26 'Sel' <Latency = 0> <II = 1> <Delay = 0.99> <FuncUnit> <Opcode : 'select'> <InPorts = 3> <OutPorts = 1>
ST_5 : Operation 33 [1/1] (0.00ns) (grouped into LUT with out node select_ln404_1)   --->   "%or_ln404 = or i1 %icmp_ln404, %icmp_ln407" [cannyRectangle/HlsImProc.hpp:404->cannyRectangle/canny_edge_rectangle.cpp:39]   --->   Operation 33 'or' 'or_ln404' <Predicate = (!icmp_ln397)> <Delay = 0.00> <Core = "LogicGate">   --->   Core 27 'LogicGate' <Latency = 0> <II = 1> <Delay = 0.97> <FuncUnit> <Opcode : 'and' 'or' 'xor'> <InPorts = 2> <OutPorts = 1>
ST_5 : Operation 34 [1/1] (0.99ns) (out node of the LUT)   --->   "%select_ln404_1 = select i1 %or_ln404, i2 %select_ln404, i2 1" [cannyRectangle/HlsImProc.hpp:404->cannyRectangle/canny_edge_rectangle.cpp:39]   --->   Operation 34 'select' 'select_ln404_1' <Predicate = (!icmp_ln397)> <Delay = 0.99> <Core = "Sel">   --->   Core 26 'Sel' <Latency = 0> <II = 1> <Delay = 0.99> <FuncUnit> <Opcode : 'select'> <InPorts = 3> <OutPorts = 1>
ST_5 : Operation 35 [1/1] (0.00ns)   --->   "%sext_ln415 = sext i2 %select_ln404_1 to i8" [cannyRectangle/HlsImProc.hpp:415->cannyRectangle/canny_edge_rectangle.cpp:39]   --->   Operation 35 'sext' 'sext_ln415' <Predicate = (!icmp_ln397)> <Delay = 0.00>
ST_5 : Operation 36 [1/1] (3.63ns)   --->   "call void @_ssdm_op_Write.ap_fifo.volatile.i8P(i8* @fifo6, i8 %sext_ln415)" [cannyRectangle/HlsImProc.hpp:415->cannyRectangle/canny_edge_rectangle.cpp:39]   --->   Operation 36 'write' <Predicate = (!icmp_ln397)> <Delay = 3.63> <Core = "FIFO">   --->   Core 32 'FIFO' <Latency = 0> <II = 1> <Delay = 3.63> <Storage> <Opcode : 'read' 'write' 'nbread' 'nbwrite'> <Ports = 0> <Width = 8> <Depth = 2> <FIFO>
ST_5 : Operation 37 [1/1] (0.00ns)   --->   "%empty_105 = call i32 (...)* @_ssdm_op_SpecRegionEnd([12 x i8]* @p_str7, i32 %tmp_i_i)" [cannyRectangle/HlsImProc.hpp:416->cannyRectangle/canny_edge_rectangle.cpp:39]   --->   Operation 37 'specregionend' 'empty_105' <Predicate = (!icmp_ln397)> <Delay = 0.00>
ST_5 : Operation 38 [1/1] (0.00ns)   --->   "br label %.preheader.i.i" [cannyRectangle/HlsImProc.hpp:397->cannyRectangle/canny_edge_rectangle.cpp:39]   --->   Operation 38 'br' <Predicate = (!icmp_ln397)> <Delay = 0.00>

State 6 <SV = 3> <Delay = 0.00>
ST_6 : Operation 39 [1/1] (0.00ns)   --->   "br label %.loopexit"   --->   Operation 39 'br' <Predicate = true> <Delay = 0.00>


============================================================
+ Verbose Summary: Timing violations
============================================================
Target clock period: 11ns, clock uncertainty: 1.38ns.

 <State 1>: 3.63ns
The critical path consists of the following:
	fifo read on port 'hthr' (cannyRectangle/HlsImProc.hpp:394) [9]  (3.63 ns)

 <State 2>: 2.86ns
The critical path consists of the following:
	'icmp' operation ('icmp_ln396', cannyRectangle/HlsImProc.hpp:396->cannyRectangle/canny_edge_rectangle.cpp:39) [14]  (1.88 ns)
	blocking operation 0.978 ns on control path)

 <State 3>: 1.88ns
The critical path consists of the following:
	'phi' operation ('xi') with incoming values : ('xi', cannyRectangle/HlsImProc.hpp:397->cannyRectangle/canny_edge_rectangle.cpp:39) [21]  (0 ns)
	'icmp' operation ('icmp_ln397', cannyRectangle/HlsImProc.hpp:397->cannyRectangle/canny_edge_rectangle.cpp:39) [22]  (1.88 ns)

 <State 4>: 5.18ns
The critical path consists of the following:
	fifo read on port 'fifo5' (cannyRectangle/HlsImProc.hpp:404->cannyRectangle/canny_edge_rectangle.cpp:39) [29]  (3.63 ns)
	'icmp' operation ('icmp_ln404', cannyRectangle/HlsImProc.hpp:404->cannyRectangle/canny_edge_rectangle.cpp:39) [30]  (1.55 ns)

 <State 5>: 4.63ns
The critical path consists of the following:
	'xor' operation ('xor_ln404', cannyRectangle/HlsImProc.hpp:404->cannyRectangle/canny_edge_rectangle.cpp:39) [32]  (0 ns)
	'select' operation ('select_ln404', cannyRectangle/HlsImProc.hpp:404->cannyRectangle/canny_edge_rectangle.cpp:39) [33]  (0 ns)
	'select' operation ('select_ln404_1', cannyRectangle/HlsImProc.hpp:404->cannyRectangle/canny_edge_rectangle.cpp:39) [35]  (0.993 ns)
	fifo write on port 'fifo6' (cannyRectangle/HlsImProc.hpp:415->cannyRectangle/canny_edge_rectangle.cpp:39) [37]  (3.63 ns)

 <State 6>: 0ns
The critical path consists of the following:


============================================================
+ Verbose Summary: Binding
============================================================
N/A
* FSMD analyzer results:
  - Output states:
 - Input state : 
  - Chain level:
	State 1
	State 2
	State 3
	State 4
	State 5
	State 6


============================================================
+ Verbose Summary: Datapath Resource usage 
============================================================
N/A
