

================================================================
== Vivado HLS Report for 'ZeroPadding'
================================================================
* Date:           Fri May 26 21:01:35 2023

* Version:        2019.1 (Build 2552052 on Fri May 24 15:28:33 MDT 2019)
* Project:        cannyRectangle
* Solution:       solution1
* Product family: zynq
* Target device:  xc7z020-clg400-1


================================================================
== Performance Estimates
================================================================
+ Timing (ns): 
    * Summary: 
    +--------+-------+----------+------------+
    |  Clock | Target| Estimated| Uncertainty|
    +--------+-------+----------+------------+
    |ap_clk  |  11.00|     8.516|        1.38|
    +--------+-------+----------+------------+

+ Latency (clock cycles): 
    * Summary: 
    +---------+---------+---------+---------+---------+
    |      Latency      |      Interval     | Pipeline|
    |   min   |   max   |   min   |   max   |   Type  |
    +---------+---------+---------+---------+---------+
    |  2076841|  2076841|  2076841|  2076841|   none  |
    +---------+---------+---------+---------+---------+

    + Detail: 
        * Instance: 
        N/A

        * Loop: 
        +-------------+---------+---------+----------+-----------+-----------+------+----------+
        |             |      Latency      | Iteration|  Initiation Interval  | Trip |          |
        |  Loop Name  |   min   |   max   |  Latency |  achieved |   target  | Count| Pipelined|
        +-------------+---------+---------+----------+-----------+-----------+------+----------+
        |- Loop 1     |  2076840|  2076840|      1923|          -|          -|  1080|    no    |
        | + Loop 1.1  |     1920|     1920|         2|          1|          1|  1920|    yes   |
        +-------------+---------+---------+----------+-----------+-----------+------+----------+

============================================================
+ Verbose Summary: Synthesis Manager
============================================================
InlineROM: 1
ExposeGlobal: 0
============================================================
+ Verbose Summary: CDFG Model
============================================================
IsTopModel: 0
ResetActiveHigh: 1
IsCombinational: 2
IsDatapathOnly: 0
HasWiredReturn: 1
HasMFsm: 0
HasVarLatency: 1
IsPipeline: 0
IsRtlPipelined: 0
IsInstanceOverlapped: 0
IsDontTouch: 0
HasImplIP: 0
IsGatedGlobalClock: 0

+ Individual pipeline summary: 
  * Pipeline-0: initiation interval (II) = 1, depth = 2


============================================================
+ Verbose Summary: Schedule
============================================================
* Number of FSM states : 5
* Pipeline : 1
  Pipeline-0 : II = 1, D = 2, States = { 3 4 }
* Dataflow Pipeline: 0

* FSM state transitions: 
1 --> 2 
2 --> 3 
3 --> 5 4 
4 --> 3 
5 --> 2 

* FSM state operations: 

State 1 <SV = 0> <Delay = 1.76>
ST_1 : Operation 6 [1/1] (0.00ns)   --->   "call void (...)* @_ssdm_op_SpecInterface(i8* @fifo5, [8 x i8]* @ap_fifo_str, i32 0, i32 0, [1 x i8]* @p_str159, i32 0, i32 0, [1 x i8]* @p_str160, [1 x i8]* @p_str161, [1 x i8]* @p_str162, i32 2, i32 2, i32 16, i32 16, [1 x i8]* @p_str163, [1 x i8]* @p_str164)"   --->   Operation 6 'specinterface' <Predicate = true> <Delay = 0.00>
ST_1 : Operation 7 [1/1] (0.00ns)   --->   "call void (...)* @_ssdm_op_SpecInterface(i8* @fifo4, [8 x i8]* @ap_fifo_str, i32 0, i32 0, [1 x i8]* @p_str168, i32 0, i32 0, [1 x i8]* @p_str169, [1 x i8]* @p_str170, [1 x i8]* @p_str171, i32 2, i32 2, i32 16, i32 16, [1 x i8]* @p_str172, [1 x i8]* @p_str173)"   --->   Operation 7 'specinterface' <Predicate = true> <Delay = 0.00>
ST_1 : Operation 8 [1/1] (1.76ns)   --->   "br label %.loopexit" [cannyRectangle/HlsImProc.hpp:477]   --->   Operation 8 'br' <Predicate = true> <Delay = 1.76>

State 2 <SV = 1> <Delay = 2.85>
ST_2 : Operation 9 [1/1] (0.00ns)   --->   "%yi_0_i = phi i11 [ 0, %entry ], [ %yi, %.loopexit.loopexit ]"   --->   Operation 9 'phi' 'yi_0_i' <Predicate = true> <Delay = 0.00>
ST_2 : Operation 10 [1/1] (1.88ns)   --->   "%icmp_ln477 = icmp eq i11 %yi_0_i, -968" [cannyRectangle/HlsImProc.hpp:477]   --->   Operation 10 'icmp' 'icmp_ln477' <Predicate = true> <Delay = 1.88> <Core = "Cmp">   --->   Core 25 'Cmp' <Latency = 0> <II = 1> <Delay = 1.88> <FuncUnit> <Opcode : 'icmp'> <InPorts = 2> <OutPorts = 1>
ST_2 : Operation 11 [1/1] (0.00ns)   --->   "%empty = call i32 (...)* @_ssdm_op_SpecLoopTripCount(i64 1080, i64 1080, i64 1080)"   --->   Operation 11 'speclooptripcount' 'empty' <Predicate = true> <Delay = 0.00>
ST_2 : Operation 12 [1/1] (1.63ns)   --->   "%yi = add i11 %yi_0_i, 1" [cannyRectangle/HlsImProc.hpp:477]   --->   Operation 12 'add' 'yi' <Predicate = true> <Delay = 1.63> <Core = "AddSub">   --->   Core 14 'AddSub' <Latency = 0> <II = 1> <Delay = 1.63> <FuncUnit> <Opcode : 'add' 'sub'> <InPorts = 2> <OutPorts = 1>
ST_2 : Operation 13 [1/1] (0.00ns)   --->   "br i1 %icmp_ln477, label %"ZeroPadding<1920u, 1080u>.exit", label %.preheader.preheader.i" [cannyRectangle/HlsImProc.hpp:477]   --->   Operation 13 'br' <Predicate = true> <Delay = 0.00>
ST_2 : Operation 14 [1/1] (1.88ns)   --->   "%icmp_ln484 = icmp ugt i11 %yi_0_i, 5" [cannyRectangle/HlsImProc.hpp:484]   --->   Operation 14 'icmp' 'icmp_ln484' <Predicate = (!icmp_ln477)> <Delay = 1.88> <Core = "Cmp">   --->   Core 25 'Cmp' <Latency = 0> <II = 1> <Delay = 1.88> <FuncUnit> <Opcode : 'icmp'> <InPorts = 2> <OutPorts = 1>
ST_2 : Operation 15 [1/1] (1.88ns)   --->   "%icmp_ln484_1 = icmp ult i11 %yi_0_i, -973" [cannyRectangle/HlsImProc.hpp:484]   --->   Operation 15 'icmp' 'icmp_ln484_1' <Predicate = (!icmp_ln477)> <Delay = 1.88> <Core = "Cmp">   --->   Core 25 'Cmp' <Latency = 0> <II = 1> <Delay = 1.88> <FuncUnit> <Opcode : 'icmp'> <InPorts = 2> <OutPorts = 1>
ST_2 : Operation 16 [1/1] (0.97ns)   --->   "%and_ln484_1 = and i1 %icmp_ln484, %icmp_ln484_1" [cannyRectangle/HlsImProc.hpp:484]   --->   Operation 16 'and' 'and_ln484_1' <Predicate = (!icmp_ln477)> <Delay = 0.97> <Core = "LogicGate">   --->   Core 27 'LogicGate' <Latency = 0> <II = 1> <Delay = 0.97> <FuncUnit> <Opcode : 'and' 'or' 'xor'> <InPorts = 2> <OutPorts = 1>
ST_2 : Operation 17 [1/1] (1.76ns)   --->   "br label %.preheader.i" [cannyRectangle/HlsImProc.hpp:478]   --->   Operation 17 'br' <Predicate = (!icmp_ln477)> <Delay = 1.76>
ST_2 : Operation 18 [1/1] (0.00ns)   --->   "ret void" [cannyRectangle/HlsImProc.hpp:475]   --->   Operation 18 'ret' <Predicate = (icmp_ln477)> <Delay = 0.00>

State 3 <SV = 2> <Delay = 2.85>
ST_3 : Operation 19 [1/1] (0.00ns)   --->   "%xi_0_i = phi i11 [ %xi, %hls_label_4 ], [ 0, %.preheader.preheader.i ]"   --->   Operation 19 'phi' 'xi_0_i' <Predicate = true> <Delay = 0.00>
ST_3 : Operation 20 [1/1] (1.88ns)   --->   "%icmp_ln478 = icmp eq i11 %xi_0_i, -128" [cannyRectangle/HlsImProc.hpp:478]   --->   Operation 20 'icmp' 'icmp_ln478' <Predicate = true> <Delay = 1.88> <Core = "Cmp">   --->   Core 25 'Cmp' <Latency = 0> <II = 1> <Delay = 1.88> <FuncUnit> <Opcode : 'icmp'> <InPorts = 2> <OutPorts = 1>
ST_3 : Operation 21 [1/1] (0.00ns)   --->   "%empty_96 = call i32 (...)* @_ssdm_op_SpecLoopTripCount(i64 1920, i64 1920, i64 1920)"   --->   Operation 21 'speclooptripcount' 'empty_96' <Predicate = true> <Delay = 0.00>
ST_3 : Operation 22 [1/1] (1.63ns)   --->   "%xi = add i11 %xi_0_i, 1" [cannyRectangle/HlsImProc.hpp:478]   --->   Operation 22 'add' 'xi' <Predicate = true> <Delay = 1.63> <Core = "AddSub">   --->   Core 14 'AddSub' <Latency = 0> <II = 1> <Delay = 1.63> <FuncUnit> <Opcode : 'add' 'sub'> <InPorts = 2> <OutPorts = 1>
ST_3 : Operation 23 [1/1] (0.00ns)   --->   "br i1 %icmp_ln478, label %.loopexit.loopexit, label %hls_label_4" [cannyRectangle/HlsImProc.hpp:478]   --->   Operation 23 'br' <Predicate = true> <Delay = 0.00>
ST_3 : Operation 24 [1/1] (1.88ns)   --->   "%icmp_ln484_2 = icmp ugt i11 %xi_0_i, 5" [cannyRectangle/HlsImProc.hpp:484]   --->   Operation 24 'icmp' 'icmp_ln484_2' <Predicate = (!icmp_ln478)> <Delay = 1.88> <Core = "Cmp">   --->   Core 25 'Cmp' <Latency = 0> <II = 1> <Delay = 1.88> <FuncUnit> <Opcode : 'icmp'> <InPorts = 2> <OutPorts = 1>
ST_3 : Operation 25 [1/1] (1.88ns)   --->   "%icmp_ln484_3 = icmp ult i11 %xi_0_i, -133" [cannyRectangle/HlsImProc.hpp:484]   --->   Operation 25 'icmp' 'icmp_ln484_3' <Predicate = (!icmp_ln478)> <Delay = 1.88> <Core = "Cmp">   --->   Core 25 'Cmp' <Latency = 0> <II = 1> <Delay = 1.88> <FuncUnit> <Opcode : 'icmp'> <InPorts = 2> <OutPorts = 1>

State 4 <SV = 3> <Delay = 8.51>
ST_4 : Operation 26 [1/1] (0.00ns)   --->   "%tmp_i = call i32 (...)* @_ssdm_op_SpecRegionBegin([12 x i8]* @p_str8)" [cannyRectangle/HlsImProc.hpp:478]   --->   Operation 26 'specregionbegin' 'tmp_i' <Predicate = (!icmp_ln478)> <Delay = 0.00>
ST_4 : Operation 27 [1/1] (0.00ns)   --->   "call void (...)* @_ssdm_op_SpecPipeline(i32 1, i32 1, i32 1, i32 0, [1 x i8]* @p_str2) nounwind" [cannyRectangle/HlsImProc.hpp:479]   --->   Operation 27 'specpipeline' <Predicate = (!icmp_ln478)> <Delay = 0.00>
ST_4 : Operation 28 [1/1] (3.63ns)   --->   "%pix = call i8 @_ssdm_op_Read.ap_fifo.volatile.i8P(i8* @fifo4)" [cannyRectangle/HlsImProc.hpp:483]   --->   Operation 28 'read' 'pix' <Predicate = (!icmp_ln478)> <Delay = 3.63> <Core = "FIFO">   --->   Core 32 'FIFO' <Latency = 0> <II = 1> <Delay = 3.63> <Storage> <Opcode : 'read' 'write' 'nbread' 'nbwrite'> <Ports = 0> <Width = 8> <Depth = 2> <FIFO>
ST_4 : Operation 29 [1/1] (0.00ns) (grouped into LUT with out node pix_1)   --->   "%and_ln484 = and i1 %icmp_ln484_2, %icmp_ln484_3" [cannyRectangle/HlsImProc.hpp:484]   --->   Operation 29 'and' 'and_ln484' <Predicate = (!icmp_ln478)> <Delay = 0.00> <Core = "LogicGate">   --->   Core 27 'LogicGate' <Latency = 0> <II = 1> <Delay = 0.97> <FuncUnit> <Opcode : 'and' 'or' 'xor'> <InPorts = 2> <OutPorts = 1>
ST_4 : Operation 30 [1/1] (0.00ns) (grouped into LUT with out node pix_1)   --->   "%and_ln484_2 = and i1 %and_ln484_1, %and_ln484" [cannyRectangle/HlsImProc.hpp:484]   --->   Operation 30 'and' 'and_ln484_2' <Predicate = (!icmp_ln478)> <Delay = 0.00> <Core = "LogicGate">   --->   Core 27 'LogicGate' <Latency = 0> <II = 1> <Delay = 0.97> <FuncUnit> <Opcode : 'and' 'or' 'xor'> <InPorts = 2> <OutPorts = 1>
ST_4 : Operation 31 [1/1] (1.24ns) (out node of the LUT)   --->   "%pix_1 = select i1 %and_ln484_2, i8 %pix, i8 0" [cannyRectangle/HlsImProc.hpp:484]   --->   Operation 31 'select' 'pix_1' <Predicate = (!icmp_ln478)> <Delay = 1.24> <Core = "Sel">   --->   Core 26 'Sel' <Latency = 0> <II = 1> <Delay = 1.24> <FuncUnit> <Opcode : 'select'> <InPorts = 3> <OutPorts = 1>
ST_4 : Operation 32 [1/1] (3.63ns)   --->   "call void @_ssdm_op_Write.ap_fifo.volatile.i8P(i8* @fifo5, i8 %pix_1)" [cannyRectangle/HlsImProc.hpp:486]   --->   Operation 32 'write' <Predicate = (!icmp_ln478)> <Delay = 3.63> <Core = "FIFO">   --->   Core 32 'FIFO' <Latency = 0> <II = 1> <Delay = 3.63> <Storage> <Opcode : 'read' 'write' 'nbread' 'nbwrite'> <Ports = 0> <Width = 8> <Depth = 2> <FIFO>
ST_4 : Operation 33 [1/1] (0.00ns)   --->   "%empty_97 = call i32 (...)* @_ssdm_op_SpecRegionEnd([12 x i8]* @p_str8, i32 %tmp_i)" [cannyRectangle/HlsImProc.hpp:491]   --->   Operation 33 'specregionend' 'empty_97' <Predicate = (!icmp_ln478)> <Delay = 0.00>
ST_4 : Operation 34 [1/1] (0.00ns)   --->   "br label %.preheader.i" [cannyRectangle/HlsImProc.hpp:478]   --->   Operation 34 'br' <Predicate = (!icmp_ln478)> <Delay = 0.00>

State 5 <SV = 3> <Delay = 0.00>
ST_5 : Operation 35 [1/1] (0.00ns)   --->   "br label %.loopexit"   --->   Operation 35 'br' <Predicate = true> <Delay = 0.00>


============================================================
+ Verbose Summary: Timing violations
============================================================
Target clock period: 11ns, clock uncertainty: 1.38ns.

 <State 1>: 1.77ns
The critical path consists of the following:
	multiplexor before 'phi' operation ('yi') with incoming values : ('yi', cannyRectangle/HlsImProc.hpp:477) [7]  (1.77 ns)

 <State 2>: 2.86ns
The critical path consists of the following:
	'phi' operation ('yi') with incoming values : ('yi', cannyRectangle/HlsImProc.hpp:477) [7]  (0 ns)
	'icmp' operation ('icmp_ln484', cannyRectangle/HlsImProc.hpp:484) [13]  (1.88 ns)
	'and' operation ('and_ln484_1', cannyRectangle/HlsImProc.hpp:484) [15]  (0.978 ns)

 <State 3>: 2.86ns
The critical path consists of the following:
	'icmp' operation ('icmp_ln478', cannyRectangle/HlsImProc.hpp:478) [19]  (1.88 ns)
	blocking operation 0.978 ns on control path)

 <State 4>: 8.52ns
The critical path consists of the following:
	fifo read on port 'fifo4' (cannyRectangle/HlsImProc.hpp:483) [26]  (3.63 ns)
	'select' operation ('pix', cannyRectangle/HlsImProc.hpp:484) [31]  (1.25 ns)
	fifo write on port 'fifo5' (cannyRectangle/HlsImProc.hpp:486) [32]  (3.63 ns)

 <State 5>: 0ns
The critical path consists of the following:


============================================================
+ Verbose Summary: Binding
============================================================
N/A
* FSMD analyzer results:
  - Output states:
 - Input state : 
  - Chain level:
	State 1
	State 2
	State 3
	State 4
	State 5


============================================================
+ Verbose Summary: Datapath Resource usage 
============================================================
N/A
