

================================================================
== Vivado HLS Report for 'GrayArray2AXIS'
================================================================
* Date:           Fri May 26 21:01:40 2023

* Version:        2019.1 (Build 2552052 on Fri May 24 15:28:33 MDT 2019)
* Project:        cannyRectangle
* Solution:       solution1
* Product family: zynq
* Target device:  xc7z020-clg400-1


================================================================
== Performance Estimates
================================================================
+ Timing (ns): 
    * Summary: 
    +--------+-------+----------+------------+
    |  Clock | Target| Estimated| Uncertainty|
    +--------+-------+----------+------------+
    |ap_clk  |  11.00|     3.634|        1.38|
    +--------+-------+----------+------------+

+ Latency (clock cycles): 
    * Summary: 
    +---------+---------+---------+---------+---------+
    |      Latency      |      Interval     | Pipeline|
    |   min   |   max   |   min   |   max   |   Type  |
    +---------+---------+---------+---------+---------+
    |  2077921|  2077921|  2077921|  2077921|   none  |
    +---------+---------+---------+---------+---------+

    + Detail: 
        * Instance: 
        N/A

        * Loop: 
        +-------------+---------+---------+----------+-----------+-----------+------+----------+
        |             |      Latency      | Iteration|  Initiation Interval  | Trip |          |
        |  Loop Name  |   min   |   max   |  Latency |  achieved |   target  | Count| Pipelined|
        +-------------+---------+---------+----------+-----------+-----------+------+----------+
        |- Loop 1     |  2077920|  2077920|      1924|          -|          -|  1080|    no    |
        | + Loop 1.1  |     1921|     1921|         3|          1|          1|  1920|    yes   |
        +-------------+---------+---------+----------+-----------+-----------+------+----------+



================================================================
== Utilization Estimates
================================================================
* Summary: 
+-----------------+---------+-------+--------+-------+-----+
|       Name      | BRAM_18K| DSP48E|   FF   |  LUT  | URAM|
+-----------------+---------+-------+--------+-------+-----+
|DSP              |        -|      -|       -|      -|    -|
|Expression       |        -|      -|       0|    122|    -|
|FIFO             |        -|      -|       -|      -|    -|
|Instance         |        -|      -|       -|      -|    -|
|Memory           |        -|      -|       -|      -|    -|
|Multiplexer      |        -|      -|       -|    138|    -|
|Register         |        -|      -|     103|      -|    -|
+-----------------+---------+-------+--------+-------+-----+
|Total            |        0|      0|     103|    260|    0|
+-----------------+---------+-------+--------+-------+-----+
|Available        |      280|    220|  106400|  53200|    0|
+-----------------+---------+-------+--------+-------+-----+
|Utilization (%)  |        0|      0|   ~0   |   ~0  |    0|
+-----------------+---------+-------+--------+-------+-----+

+ Detail: 
    * Instance: 
    N/A

    * DSP48E: 
    N/A

    * Memory: 
    N/A

    * FIFO: 
    N/A

    * Expression: 
    +----------------------------------+----------+-------+---+----+------------+------------+
    |           Variable Name          | Operation| DSP48E| FF| LUT| Bitwidth P0| Bitwidth P1|
    +----------------------------------+----------+-------+---+----+------------+------------+
    |xi_fu_130_p2                      |     +    |      0|  0|  13|          11|           1|
    |yi_fu_112_p2                      |     +    |      0|  0|  13|          11|           1|
    |and_ln125_fu_142_p2               |    and   |      0|  0|   2|           1|           1|
    |ap_block_pp0_stage0_01001         |    and   |      0|  0|   2|           1|           1|
    |ap_block_state4_io                |    and   |      0|  0|   2|           1|           1|
    |ap_block_state4_pp0_stage0_iter1  |    and   |      0|  0|   2|           1|           1|
    |ap_block_state5_io                |    and   |      0|  0|   2|           1|           1|
    |axis_dst_data_V_1_load_A          |    and   |      0|  0|   2|           1|           1|
    |axis_dst_data_V_1_load_B          |    and   |      0|  0|   2|           1|           1|
    |axis_dst_last_V_1_load_A          |    and   |      0|  0|   2|           1|           1|
    |axis_dst_last_V_1_load_B          |    and   |      0|  0|   2|           1|           1|
    |axis_dst_data_V_1_state_cmp_full  |   icmp   |      0|  0|   8|           2|           1|
    |axis_dst_last_V_1_state_cmp_full  |   icmp   |      0|  0|   8|           2|           1|
    |icmp_ln118_fu_106_p2              |   icmp   |      0|  0|  13|          11|          11|
    |icmp_ln119_fu_124_p2              |   icmp   |      0|  0|  13|          11|           9|
    |icmp_ln125_1_fu_136_p2            |   icmp   |      0|  0|  13|          11|           9|
    |icmp_ln125_fu_118_p2              |   icmp   |      0|  0|  13|          11|          11|
    |ap_block_pp0_stage0_11001         |    or    |      0|  0|   2|           1|           1|
    |ap_block_state1                   |    or    |      0|  0|   2|           1|           1|
    |ap_block_state2                   |    or    |      0|  0|   2|           1|           1|
    |ap_enable_pp0                     |    xor   |      0|  0|   2|           1|           2|
    |ap_enable_reg_pp0_iter1           |    xor   |      0|  0|   2|           2|           1|
    +----------------------------------+----------+-------+---+----+------------+------------+
    |Total                             |          |      0|  0| 122|          85|          59|
    +----------------------------------+----------+-------+---+----+------------+------------+

    * Multiplexer: 
    +----------------------------+----+-----------+-----+-----------+
    |            Name            | LUT| Input Size| Bits| Total Bits|
    +----------------------------+----+-----------+-----+-----------+
    |ap_NS_fsm                   |  27|          5|    1|          5|
    |ap_done                     |   9|          2|    1|          2|
    |ap_enable_reg_pp0_iter1     |   9|          2|    1|          2|
    |ap_enable_reg_pp0_iter2     |   9|          2|    1|          2|
    |axis_dst_data_V_1_data_out  |   9|          2|   24|         48|
    |axis_dst_data_V_1_state     |  15|          3|    2|          6|
    |axis_dst_last_V_1_data_out  |   9|          2|    1|          2|
    |axis_dst_last_V_1_state     |  15|          3|    2|          6|
    |axis_out_TDATA_blk_n        |   9|          2|    1|          2|
    |fifo7_blk_n                 |   9|          2|    1|          2|
    |xi_0_i_reg_95               |   9|          2|   11|         22|
    |yi_0_i_reg_84               |   9|          2|   11|         22|
    +----------------------------+----+-----------+-----+-----------+
    |Total                       | 138|         29|   57|        121|
    +----------------------------+----+-----------+-----+-----------+

    * Register: 
    +----------------------------------+----+----+-----+-----------+
    |               Name               | FF | LUT| Bits| Const Bits|
    +----------------------------------+----+----+-----+-----------+
    |and_ln125_reg_181                 |   1|   0|    1|          0|
    |ap_CS_fsm                         |   4|   0|    4|          0|
    |ap_done_reg                       |   1|   0|    1|          0|
    |ap_enable_reg_pp0_iter0           |   1|   0|    1|          0|
    |ap_enable_reg_pp0_iter1           |   1|   0|    1|          0|
    |ap_enable_reg_pp0_iter2           |   1|   0|    1|          0|
    |axis_dst_data_V_1_payload_A       |  24|   0|   24|          0|
    |axis_dst_data_V_1_payload_B       |  24|   0|   24|          0|
    |axis_dst_data_V_1_sel_rd          |   1|   0|    1|          0|
    |axis_dst_data_V_1_sel_wr          |   1|   0|    1|          0|
    |axis_dst_data_V_1_state           |   2|   0|    2|          0|
    |axis_dst_last_V_1_payload_A       |   1|   0|    1|          0|
    |axis_dst_last_V_1_payload_B       |   1|   0|    1|          0|
    |axis_dst_last_V_1_sel_rd          |   1|   0|    1|          0|
    |axis_dst_last_V_1_sel_wr          |   1|   0|    1|          0|
    |axis_dst_last_V_1_state           |   2|   0|    2|          0|
    |icmp_ln119_reg_172                |   1|   0|    1|          0|
    |icmp_ln119_reg_172_pp0_iter1_reg  |   1|   0|    1|          0|
    |icmp_ln125_reg_167                |   1|   0|    1|          0|
    |xi_0_i_reg_95                     |  11|   0|   11|          0|
    |yi_0_i_reg_84                     |  11|   0|   11|          0|
    |yi_reg_162                        |  11|   0|   11|          0|
    +----------------------------------+----+----+-----+-----------+
    |Total                             | 103|   0|  103|          0|
    +----------------------------------+----+----+-----+-----------+



================================================================
== Interface
================================================================
* Summary: 
+-----------------+-----+-----+------------+-----------------+--------------+
|    RTL Ports    | Dir | Bits|  Protocol  |  Source Object  |    C Type    |
+-----------------+-----+-----+------------+-----------------+--------------+
|ap_clk           |  in |    1| ap_ctrl_hs |  GrayArray2AXIS | return value |
|ap_rst           |  in |    1| ap_ctrl_hs |  GrayArray2AXIS | return value |
|ap_start         |  in |    1| ap_ctrl_hs |  GrayArray2AXIS | return value |
|ap_done          | out |    1| ap_ctrl_hs |  GrayArray2AXIS | return value |
|ap_continue      |  in |    1| ap_ctrl_hs |  GrayArray2AXIS | return value |
|ap_idle          | out |    1| ap_ctrl_hs |  GrayArray2AXIS | return value |
|ap_ready         | out |    1| ap_ctrl_hs |  GrayArray2AXIS | return value |
|axis_out_TDATA   | out |   24|    axis    | axis_dst_data_V |    pointer   |
|axis_out_TREADY  |  in |    1|    axis    | axis_dst_data_V |    pointer   |
|axis_out_TVALID  | out |    1|    axis    | axis_dst_last_V |    pointer   |
|axis_out_TLAST   | out |    1|    axis    | axis_dst_last_V |    pointer   |
|fifo7_dout       |  in |    8|   ap_fifo  |      fifo7      |    pointer   |
|fifo7_empty_n    |  in |    1|   ap_fifo  |      fifo7      |    pointer   |
|fifo7_read       | out |    1|   ap_fifo  |      fifo7      |    pointer   |
+-----------------+-----+-----+------------+-----------------+--------------+

