

================================================================
== Vivado HLS Report for 'NonMaxSuppression'
================================================================
* Date:           Fri May 26 21:01:39 2023

* Version:        2019.1 (Build 2552052 on Fri May 24 15:28:33 MDT 2019)
* Project:        cannyRectangle
* Solution:       solution1
* Product family: zynq
* Target device:  xc7z020-clg400-1


================================================================
== Performance Estimates
================================================================
+ Timing (ns): 
    * Summary: 
    +--------+-------+----------+------------+
    |  Clock | Target| Estimated| Uncertainty|
    +--------+-------+----------+------------+
    |ap_clk  |  11.00|     8.549|        1.38|
    +--------+-------+----------+------------+

+ Latency (clock cycles): 
    * Summary: 
    +---------+---------+---------+---------+---------+
    |      Latency      |      Interval     | Pipeline|
    |   min   |   max   |   min   |   max   |   Type  |
    +---------+---------+---------+---------+---------+
    |  2077921|  2077921|  2077921|  2077921|   none  |
    +---------+---------+---------+---------+---------+

    + Detail: 
        * Instance: 
        N/A

        * Loop: 
        +-------------+---------+---------+----------+-----------+-----------+------+----------+
        |             |      Latency      | Iteration|  Initiation Interval  | Trip |          |
        |  Loop Name  |   min   |   max   |  Latency |  achieved |   target  | Count| Pipelined|
        +-------------+---------+---------+----------+-----------+-----------+------+----------+
        |- Loop 1     |  2077920|  2077920|      1924|          -|          -|  1080|    no    |
        | + Loop 1.1  |     1921|     1921|         3|          1|          1|  1920|    yes   |
        +-------------+---------+---------+----------+-----------+-----------+------+----------+



================================================================
== Utilization Estimates
================================================================
* Summary: 
+-----------------+---------+-------+--------+-------+-----+
|       Name      | BRAM_18K| DSP48E|   FF   |  LUT  | URAM|
+-----------------+---------+-------+--------+-------+-----+
|DSP              |        -|      -|       -|      -|    -|
|Expression       |        -|      -|       0|    326|    -|
|FIFO             |        -|      -|       -|      -|    -|
|Instance         |        -|      -|       -|      -|    -|
|Memory           |        4|      -|       0|      0|    0|
|Multiplexer      |        -|      -|       -|    114|    -|
|Register         |        -|      -|     140|      -|    -|
+-----------------+---------+-------+--------+-------+-----+
|Total            |        4|      0|     140|    440|    0|
+-----------------+---------+-------+--------+-------+-----+
|Available        |      280|    220|  106400|  53200|    0|
+-----------------+---------+-------+--------+-------+-----+
|Utilization (%)  |        1|      0|   ~0   |   ~0  |    0|
+-----------------+---------+-------+--------+-------+-----+

+ Detail: 
    * Instance: 
    N/A

    * DSP48E: 
    N/A

    * Memory: 
    +------------------+----------------------+---------+---+----+-----+------+-----+------+-------------+
    |      Memory      |        Module        | BRAM_18K| FF| LUT| URAM| Words| Bits| Banks| W*Bits*Banks|
    +------------------+----------------------+---------+---+----+-----+------+-----+------+-------------+
    |line_buf_grad_U   |NonMaxSuppressionmb6  |        1|  0|   0|    0|  1920|    6|     1|        11520|
    |line_buf_value_U  |Sobel_1920u_1080ufYi  |        3|  0|   0|    0|  1920|   24|     1|        46080|
    +------------------+----------------------+---------+---+----+-----+------+-----+------+-------------+
    |Total             |                      |        4|  0|   0|    0|  3840|   30|     2|        57600|
    +------------------+----------------------+---------+---+----+-----+------+-----+------+-------------+

    * FIFO: 
    N/A

    * Expression: 
    +----------------------------------+----------+-------+---+----+------------+------------+
    |           Variable Name          | Operation| DSP48E| FF| LUT| Bitwidth P0| Bitwidth P1|
    +----------------------------------+----------+-------+---+----+------------+------------+
    |xi_fu_287_p2                      |     +    |      0|  0|  13|          11|           1|
    |yi_fu_247_p2                      |     +    |      0|  0|  13|          11|           1|
    |and_ln360_fu_558_p2               |    and   |      0|  0|   2|           1|           1|
    |and_ln367_fu_530_p2               |    and   |      0|  0|   2|           1|           1|
    |and_ln374_fu_584_p2               |    and   |      0|  0|   2|           1|           1|
    |and_ln382_1_fu_275_p2             |    and   |      0|  0|   2|           1|           1|
    |and_ln382_2_fu_646_p2             |    and   |      0|  0|   2|           1|           1|
    |and_ln382_fu_642_p2               |    and   |      0|  0|   2|           1|           1|
    |ap_block_state5_pp0_stage0_iter2  |    and   |      0|  0|   2|           1|           1|
    |icmp_ln323_fu_241_p2              |   icmp   |      0|  0|  13|          11|          11|
    |icmp_ln324_fu_281_p2              |   icmp   |      0|  0|  13|          11|           9|
    |icmp_ln353_fu_410_p2              |   icmp   |      0|  0|   8|           2|           1|
    |icmp_ln354_1_fu_422_p2            |   icmp   |      0|  0|  11|           8|           8|
    |icmp_ln354_fu_416_p2              |   icmp   |      0|  0|  11|           8|           8|
    |icmp_ln360_fu_442_p2              |   icmp   |      0|  0|   8|           2|           1|
    |icmp_ln361_1_fu_454_p2            |   icmp   |      0|  0|  11|           8|           8|
    |icmp_ln361_fu_448_p2              |   icmp   |      0|  0|  11|           8|           8|
    |icmp_ln367_fu_474_p2              |   icmp   |      0|  0|   9|           2|           3|
    |icmp_ln368_1_fu_486_p2            |   icmp   |      0|  0|  11|           8|           8|
    |icmp_ln368_fu_480_p2              |   icmp   |      0|  0|  11|           8|           8|
    |icmp_ln374_fu_506_p2              |   icmp   |      0|  0|   8|           2|           2|
    |icmp_ln375_fu_512_p2              |   icmp   |      0|  0|  11|           8|           8|
    |icmp_ln382_1_fu_269_p2            |   icmp   |      0|  0|  13|          11|          11|
    |icmp_ln382_2_fu_309_p2            |   icmp   |      0|  0|  13|           9|           1|
    |icmp_ln382_3_fu_315_p2            |   icmp   |      0|  0|  13|          11|           9|
    |icmp_ln382_fu_263_p2              |   icmp   |      0|  0|  13|           9|           1|
    |ap_block_pp0_stage0_01001         |    or    |      0|  0|   2|           1|           1|
    |ap_block_state1                   |    or    |      0|  0|   2|           1|           1|
    |ap_block_state4_pp0_stage0_iter1  |    or    |      0|  0|   2|           1|           1|
    |or_ln354_fu_428_p2                |    or    |      0|  0|   2|           1|           1|
    |or_ln360_fu_518_p2                |    or    |      0|  0|   2|           1|           1|
    |or_ln361_fu_460_p2                |    or    |      0|  0|   2|           1|           1|
    |or_ln367_fu_572_p2                |    or    |      0|  0|   2|           1|           1|
    |or_ln368_fu_492_p2                |    or    |      0|  0|   2|           1|           1|
    |or_ln375_fu_625_p2                |    or    |      0|  0|   2|           1|           1|
    |fifo4_din                         |  select  |      0|  0|   8|           1|           8|
    |select_ln353_fu_544_p3            |  select  |      0|  0|   8|           1|           8|
    |select_ln354_fu_434_p3            |  select  |      0|  0|   8|           1|           1|
    |select_ln360_fu_564_p3            |  select  |      0|  0|   8|           1|           8|
    |select_ln361_fu_466_p3            |  select  |      0|  0|   8|           1|           1|
    |select_ln367_fu_536_p3            |  select  |      0|  0|   8|           1|           8|
    |select_ln368_fu_498_p3            |  select  |      0|  0|   8|           1|           1|
    |select_ln374_fu_636_p3            |  select  |      0|  0|   8|           1|           8|
    |select_ln375_fu_629_p3            |  select  |      0|  0|   8|           1|           1|
    |ap_enable_pp0                     |    xor   |      0|  0|   2|           1|           2|
    |xor_ln353_fu_552_p2               |    xor   |      0|  0|   2|           1|           2|
    |xor_ln360_fu_524_p2               |    xor   |      0|  0|   2|           1|           2|
    |xor_ln367_fu_578_p2               |    xor   |      0|  0|   2|           1|           2|
    +----------------------------------+----------+-------+---+----+------------+------------+
    |Total                             |          |      0|  0| 326|         177|         175|
    +----------------------------------+----------+-------+---+----+------------+------------+

    * Multiplexer: 
    +-------------------------+----+-----------+-----+-----------+
    |           Name          | LUT| Input Size| Bits| Total Bits|
    +-------------------------+----+-----------+-----+-----------+
    |ap_NS_fsm                |  27|          5|    1|          5|
    |ap_done                  |   9|          2|    1|          2|
    |ap_enable_reg_pp0_iter1  |   9|          2|    1|          2|
    |ap_enable_reg_pp0_iter2  |  15|          3|    1|          3|
    |fifo3_grad_blk_n         |   9|          2|    1|          2|
    |fifo3_value_blk_n        |   9|          2|    1|          2|
    |fifo4_blk_n              |   9|          2|    1|          2|
    |real_start               |   9|          2|    1|          2|
    |xi_0_i_reg_230           |   9|          2|   11|         22|
    |yi_0_i_reg_219           |   9|          2|   11|         22|
    +-------------------------+----+-----------+-----+-----------+
    |Total                    | 114|         24|   30|         64|
    +-------------------------+----+-----------+-----+-----------+

    * Register: 
    +------------------------------------+----+----+-----+-----------+
    |                Name                | FF | LUT| Bits| Const Bits|
    +------------------------------------+----+----+-----+-----------+
    |and_ln374_reg_767                   |   1|   0|    1|          0|
    |and_ln382_1_reg_711                 |   1|   0|    1|          0|
    |ap_CS_fsm                           |   4|   0|    4|          0|
    |ap_done_reg                         |   1|   0|    1|          0|
    |ap_enable_reg_pp0_iter0             |   1|   0|    1|          0|
    |ap_enable_reg_pp0_iter1             |   1|   0|    1|          0|
    |ap_enable_reg_pp0_iter2             |   1|   0|    1|          0|
    |grad_nms_fu_156                     |   2|   0|    2|          0|
    |icmp_ln324_reg_716                  |   1|   0|    1|          0|
    |icmp_ln324_reg_716_pp0_iter1_reg    |   1|   0|    1|          0|
    |icmp_ln368_reg_752                  |   1|   0|    1|          0|
    |icmp_ln375_reg_757                  |   1|   0|    1|          0|
    |icmp_ln382_2_reg_737                |   1|   0|    1|          0|
    |icmp_ln382_2_reg_737_pp0_iter1_reg  |   1|   0|    1|          0|
    |icmp_ln382_3_reg_742                |   1|   0|    1|          0|
    |icmp_ln382_3_reg_742_pp0_iter1_reg  |   1|   0|    1|          0|
    |line_buf_grad_addr_reg_731          |  11|   0|   11|          0|
    |line_buf_value_addr_reg_725         |  11|   0|   11|          0|
    |select_ln360_reg_762                |   8|   0|    8|          0|
    |start_once_reg                      |   1|   0|    1|          0|
    |value_nms_1_fu_144                  |   8|   0|    8|          0|
    |value_nms_fu_140                    |   8|   0|    8|          0|
    |window_buf_0_1_val_1_fu_136         |   8|   0|    8|          0|
    |window_buf_0_1_val_fu_132           |   8|   0|    8|          0|
    |window_buf_1_1_val_reg_747          |   8|   0|    8|          0|
    |window_buf_2_1_val_1_fu_152         |   8|   0|    8|          0|
    |window_buf_2_1_val_fu_148           |   8|   0|    8|          0|
    |xi_0_i_reg_230                      |  11|   0|   11|          0|
    |yi_0_i_reg_219                      |  11|   0|   11|          0|
    |yi_reg_706                          |  11|   0|   11|          0|
    +------------------------------------+----+----+-----+-----------+
    |Total                               | 140|   0|  140|          0|
    +------------------------------------+----+----+-----+-----------+



================================================================
== Interface
================================================================
* Summary: 
+---------------------+-----+-----+------------+-------------------+--------------+
|      RTL Ports      | Dir | Bits|  Protocol  |   Source Object   |    C Type    |
+---------------------+-----+-----+------------+-------------------+--------------+
|ap_clk               |  in |    1| ap_ctrl_hs | NonMaxSuppression | return value |
|ap_rst               |  in |    1| ap_ctrl_hs | NonMaxSuppression | return value |
|ap_start             |  in |    1| ap_ctrl_hs | NonMaxSuppression | return value |
|start_full_n         |  in |    1| ap_ctrl_hs | NonMaxSuppression | return value |
|ap_done              | out |    1| ap_ctrl_hs | NonMaxSuppression | return value |
|ap_continue          |  in |    1| ap_ctrl_hs | NonMaxSuppression | return value |
|ap_idle              | out |    1| ap_ctrl_hs | NonMaxSuppression | return value |
|ap_ready             | out |    1| ap_ctrl_hs | NonMaxSuppression | return value |
|start_out            | out |    1| ap_ctrl_hs | NonMaxSuppression | return value |
|start_write          | out |    1| ap_ctrl_hs | NonMaxSuppression | return value |
|fifo3_value_dout     |  in |    8|   ap_fifo  |    fifo3_value    |    pointer   |
|fifo3_value_empty_n  |  in |    1|   ap_fifo  |    fifo3_value    |    pointer   |
|fifo3_value_read     | out |    1|   ap_fifo  |    fifo3_value    |    pointer   |
|fifo3_grad_dout      |  in |    2|   ap_fifo  |     fifo3_grad    |    pointer   |
|fifo3_grad_empty_n   |  in |    1|   ap_fifo  |     fifo3_grad    |    pointer   |
|fifo3_grad_read      | out |    1|   ap_fifo  |     fifo3_grad    |    pointer   |
|fifo4_din            | out |    8|   ap_fifo  |       fifo4       |    pointer   |
|fifo4_full_n         |  in |    1|   ap_fifo  |       fifo4       |    pointer   |
|fifo4_write          | out |    1|   ap_fifo  |       fifo4       |    pointer   |
+---------------------+-----+-----+------------+-------------------+--------------+

